#
# There is insufficient memory for the Java Runtime Environment to continue.
# Native memory allocation (mmap) failed to map 134217728 bytes for Failed to commit area from 0x0000000081c00000 to 0x0000000089c00000 of length 134217728.
# Possible reasons:
#   The system is out of physical RAM or swap space
#   The process is running with CompressedOops enabled, and the Java Heap may be blocking the growth of the native heap
# Possible solutions:
#   Reduce memory load on the system
#   Increase physical memory or swap space
#   Check if swap backing store is full
#   Decrease Java heap size (-Xmx/-Xms)
#   Decrease number of Java threads
#   Decrease Java thread stack sizes (-Xss)
#   Set larger code cache with -XX:ReservedCodeCacheSize=
# This output file may be truncated or incomplete.
#
#  Out of Memory Error (./src/hotspot/os/windows/os_windows.cpp:3619), pid=7020, tid=14296
#
# JRE version:  (11.0.13) (build )
# Java VM: OpenJDK 64-Bit Server VM (11.0.13+0-b1751.21-8125866, mixed mode, sharing, tiered, compressed oops, g1 gc, windows-amd64)
# No core dump will be written. Minidumps are not enabled by default on client versions of Windows
#

---------------  S U M M A R Y ------------

Command Line: git4idea.http.GitAskPassApp Username for 'https://github.com': 

Host: Intel(R) Core(TM) i7-3612QM CPU @ 2.10GHz, 8 cores, 7G,  Windows 10 , 64 bit Build 19041 (10.0.19041.2546)
Time: Mon Apr 10 02:58:19 2023 West Bank Gaza Summer Time elapsed time: 0.025416 seconds (0d 0h 0m 0s)

---------------  T H R E A D  ---------------

Current thread (0x000002194804c800):  JavaThread "Unknown thread" [_thread_in_vm, id=14296, stack(0x0000008161200000,0x0000008161300000)]

Stack: [0x0000008161200000,0x0000008161300000]
Native frames: (J=compiled Java code, j=interpreted, Vv=VM code, C=native code)
V  [jvm.dll+0x6100fa]
V  [jvm.dll+0x747090]
V  [jvm.dll+0x7486ad]
V  [jvm.dll+0x748d83]
V  [jvm.dll+0x24ab48]
V  [jvm.dll+0x60d164]
V  [jvm.dll+0x601e75]
V  [jvm.dll+0x308bdb]
V  [jvm.dll+0x308b4a]
V  [jvm.dll+0x308a22]
V  [jvm.dll+0x30d986]
V  [jvm.dll+0x357093]
V  [jvm.dll+0x357796]
V  [jvm.dll+0x357193]
V  [jvm.dll+0x2e3448]
V  [jvm.dll+0x2e45f7]
V  [jvm.dll+0x7242e7]
V  [jvm.dll+0x725adc]
V  [jvm.dll+0x364629]
V  [jvm.dll+0x707cee]
V  [jvm.dll+0x3d2633]
V  [jvm.dll+0x3d4a21]
C  [jli.dll+0x536b]
C  [ucrtbase.dll+0x21bb2]
C  [KERNEL32.DLL+0x17614]
C  [ntdll.dll+0x526a1]


---------------  P R O C E S S  ---------------

Threads class SMR info:
_java_thread_list=0x0000021945eb0e70, length=0, elements={
}

Java Threads: ( => current thread )

Other Threads:
  0x0000021948064000 GCTaskThread "GC Thread#0" [stack: 0x0000008161300000,0x0000008161400000] [id=8156]
  0x0000021948095000 ConcurrentGCThread "G1 Main Marker" [stack: 0x0000008161400000,0x0000008161500000] [id=12908]
  0x0000021948097000 ConcurrentGCThread "G1 Conc#0" [stack: 0x0000008161500000,0x0000008161600000] [id=9172]

[error occurred during error reporting (printing all threads), id 0xc0000005, EXCEPTION_ACCESS_VIOLATION (0xc0000005) at pc=0x00007ff95a753dd7]

VM state:not at safepoint (not fully initialized)

VM Mutex/Monitor currently owned by a thread:  ([mutex/lock_event])
[0x0000021948049e80] Heap_lock - owner thread: 0x000002194804c800

Heap address: 0x0000000081c00000, size: 2020 MB, Compressed Oops mode: Non-zero based: 0x0000000081c00000
Narrow klass base: 0x0000000000000000, Narrow klass shift: 0

GC Heap History (0 events):
No events

Deoptimization events (0 events):
No events

Classes redefined (0 events):
No events

Internal exceptions (0 events):
No events

Events (1 events):
Event: 0.009 Loaded shared library C:\Program Files\Android\Android Studio1\jre\bin\zip.dll


Dynamic libraries:
0x00007ff79ae40000 - 0x00007ff79ae4a000 	C:\Program Files\Android\Android Studio1\jre\bin\java.exe
0x00007ff9b1250000 - 0x00007ff9b1448000 	C:\Windows\SYSTEM32\ntdll.dll
0x00007ff9af7b0000 - 0x00007ff9af86f000 	C:\Windows\System32\KERNEL32.DLL
0x00007ff9ae9e0000 - 0x00007ff9aecb2000 	C:\Windows\System32\KERNELBASE.dll
0x00007ff9aef40000 - 0x00007ff9af040000 	C:\Windows\System32\ucrtbase.dll
0x00007ff99cdf0000 - 0x00007ff99ce09000 	C:\Program Files\Android\Android Studio1\jre\bin\jli.dll
0x00007ff99b710000 - 0x00007ff99b727000 	C:\Program Files\Android\Android Studio1\jre\bin\VCRUNTIME140.dll
0x00007ff9b05d0000 - 0x00007ff9b0771000 	C:\Windows\System32\USER32.dll
0x00007ff99ca80000 - 0x00007ff99cd1a000 	C:\Windows\WinSxS\amd64_microsoft.windows.common-controls_6595b64144ccf1df_6.0.19041.1110_none_60b5254171f9507e\COMCTL32.dll
0x00007ff9aef10000 - 0x00007ff9aef32000 	C:\Windows\System32\win32u.dll
0x00007ff9b07e0000 - 0x00007ff9b080b000 	C:\Windows\System32\GDI32.dll
0x00007ff9af5b0000 - 0x00007ff9af64e000 	C:\Windows\System32\msvcrt.dll
0x00007ff9af040000 - 0x00007ff9af14f000 	C:\Windows\System32\gdi32full.dll
0x00007ff9af150000 - 0x00007ff9af1ed000 	C:\Windows\System32\msvcp_win.dll
0x00007ff9b1090000 - 0x00007ff9b10c0000 	C:\Windows\System32\IMM32.DLL
0x00007ff985ab0000 - 0x00007ff985b4d000 	C:\Program Files\Android\Android Studio1\jre\bin\msvcp140.dll
0x00007ff95a460000 - 0x00007ff95af62000 	C:\Program Files\Android\Android Studio1\jre\bin\server\jvm.dll
0x00007ff9af700000 - 0x00007ff9af7ae000 	C:\Windows\System32\ADVAPI32.dll
0x00007ff9b1170000 - 0x00007ff9b120c000 	C:\Windows\System32\sechost.dll
0x00007ff9b0f60000 - 0x00007ff9b1084000 	C:\Windows\System32\RPCRT4.dll
0x00007ff9afd40000 - 0x00007ff9afd48000 	C:\Windows\System32\PSAPI.DLL
0x00007ff9aa460000 - 0x00007ff9aa469000 	C:\Windows\SYSTEM32\WSOCK32.dll
0x00007ff9afcd0000 - 0x00007ff9afd3b000 	C:\Windows\System32\WS2_32.dll
0x00007ff99fed0000 - 0x00007ff99feda000 	C:\Windows\SYSTEM32\VERSION.dll
0x00007ff9a9170000 - 0x00007ff9a9197000 	C:\Windows\SYSTEM32\WINMM.dll
0x00007ff9ac810000 - 0x00007ff9ac822000 	C:\Windows\SYSTEM32\kernel.appcore.dll
0x00007ff9aa210000 - 0x00007ff9aa221000 	C:\Program Files\Android\Android Studio1\jre\bin\verify.dll
0x00007ff99d7f0000 - 0x00007ff99d9d4000 	C:\Windows\SYSTEM32\DBGHELP.DLL
0x00007ff99d580000 - 0x00007ff99d5b5000 	C:\Windows\SYSTEM32\dbgcore.DLL
0x00007ff9ae950000 - 0x00007ff9ae9d2000 	C:\Windows\System32\bcryptPrimitives.dll
0x00007ff9a79a0000 - 0x00007ff9a79c9000 	C:\Program Files\Android\Android Studio1\jre\bin\java.dll
0x00007ff9aa200000 - 0x00007ff9aa20b000 	C:\Program Files\Android\Android Studio1\jre\bin\jimage.dll
0x00007ff9a7a10000 - 0x00007ff9a7a28000 	C:\Program Files\Android\Android Studio1\jre\bin\zip.dll

dbghelp: loaded successfully - version: 4.0.5 - missing functions: none
symbol engine: initialized successfully - sym options: 0x614 - pdb path: .;C:\Program Files\Android\Android Studio1\jre\bin;C:\Windows\SYSTEM32;C:\Windows\WinSxS\amd64_microsoft.windows.common-controls_6595b64144ccf1df_6.0.19041.1110_none_60b5254171f9507e;C:\Program Files\Android\Android Studio1\jre\bin\server

VM Arguments:
java_command: git4idea.http.GitAskPassApp Username for 'https://github.com': 
java_class_path (initial): C:/Program Files/Android/Android Studio1/plugins/git4idea/lib/git4idea-rt.jar;C:/Program Files/Android/Android Studio1/lib/3rd-party.jar;C:/Program Files/Android/Android Studio1/lib/3rd-party-rt.jar
Launcher Type: SUN_STANDARD

[Global flags]
     intx CICompilerCount                          = 4                                         {product} {ergonomic}
     uint ConcGCThreads                            = 2                                         {product} {ergonomic}
     uint G1ConcRefinementThreads                  = 8                                         {product} {ergonomic}
   size_t G1HeapRegionSize                         = 1048576                                   {product} {ergonomic}
    uintx GCDrainStackTargetSize                   = 64                                        {product} {ergonomic}
   size_t InitialHeapSize                          = 134217728                                 {product} {ergonomic}
   size_t MarkStackSize                            = 4194304                                   {product} {ergonomic}
   size_t MaxHeapSize                              = 2118123520                                {product} {ergonomic}
   size_t MinHeapDeltaBytes                        = 1048576                                   {product} {ergonomic}
    uintx NonNMethodCodeHeapSize                   = 5836300                                {pd product} {ergonomic}
    uintx NonProfiledCodeHeapSize                  = 122910970                              {pd product} {ergonomic}
    uintx ProfiledCodeHeapSize                     = 122910970                              {pd product} {ergonomic}
    uintx ReservedCodeCacheSize                    = 251658240                              {pd product} {ergonomic}
     bool SegmentedCodeCache                       = true                                      {product} {ergonomic}
     bool UseCompressedClassPointers               = true                                 {lp64_product} {ergonomic}
     bool UseCompressedOops                        = true                                 {lp64_product} {ergonomic}
     bool UseG1GC                                  = true                                      {product} {ergonomic}
     bool UseLargePagesIndividualAllocation        = false                                  {pd product} {ergonomic}

Logging:
Log output configuration:
 #0: stdout all=warning uptime,level,tags
 #1: stderr all=off uptime,level,tags

Environment Variables:
PATH=C:\Program Files\Git\mingw64\libexec\git-core;C:\Program Files\Git\mingw64\libexec\git-core;C:\Program Files\Git\mingw64\bin;C:\Program Files\Git\usr\bin;C:\Users\HP\bin;C:\Python311\Scripts;C:\Python311;C:\Program Files\Common Files\Oracle\Java\javapath;C:\Windows\system32;C:\Windows;C:\Windows\System32\Wbem;C:\Windows\System32\WindowsPowerShell\v1.0;C:\Windows\System32\OpenSSH;C:\Program Files\nodejs;C:\ProgramData\chocolatey\bin;C:\Program Files\Git\cmd;C:\Users\HP\AppData\Local\Microsoft\WindowsApps;C:\Users\HP\AppData\Roaming\npm;C:\Users\HP\AppData\Local\Programs\Microsoft VS Code\bin;C:\Program Files\JetBrains\WebStorm 2023.1\bin
USERNAME=HP
DISPLAY=:0.0
LC_ALL=en_US.UTF-8
OS=Windows_NT
PROCESSOR_IDENTIFIER=Intel64 Family 6 Model 58 Stepping 9, GenuineIntel



---------------  S Y S T E M  ---------------

OS: Windows 10 , 64 bit Build 19041 (10.0.19041.2546)
OS uptime: 15 days 3:57 hours

CPU:total 8 (initial active 8) (4 cores per cpu, 2 threads per core) family 6 model 58 stepping 9 microcode 0x21, cmov, cx8, fxsr, mmx, sse, sse2, sse3, ssse3, sse4.1, sse4.2, popcnt, avx, aes, clmul, erms, ht, tsc, tscinvbit, tscinv

Memory: 4k page, system-wide physical 8075M (915M free)
TotalPageFile size 10123M (AvailPageFile size 16M)
current process WorkingSet (physical memory assigned to process): 10M, peak: 10M
current process commit charge ("private bytes"): 60M, peak: 187M

vm_info: OpenJDK 64-Bit Server VM (11.0.13+0-b1751.21-8125866) for windows-amd64 JRE (11.0.13+0-b1751.21-8125866), built on Feb  2 2022 03:00:22 by "builder" with MS VC++ 14.0 (VS2015)

END.
